[debug] [2024-01-18T14:30:24.724Z] ----------------------------------------------------------------------
[debug] [2024-01-18T14:30:24.740Z] Command:       /usr/bin/node /usr/bin/firebase init
[debug] [2024-01-18T14:30:24.742Z] CLI Version:   13.0.3
[debug] [2024-01-18T14:30:24.743Z] Platform:      linux
[debug] [2024-01-18T14:30:24.743Z] Node Version:  v21.5.0
[debug] [2024-01-18T14:30:24.744Z] Time:          Thu Jan 18 2024 22:30:24 GMT+0800 (Philippine Standard Time)
[debug] [2024-01-18T14:30:24.745Z] ----------------------------------------------------------------------
[debug] 
[debug] [2024-01-18T14:30:25.022Z] > command requires scopes: ["email","openid","https://www.googleapis.com/auth/cloudplatformprojects.readonly","https://www.googleapis.com/auth/firebase","https://www.googleapis.com/auth/cloud-platform"]
[debug] [2024-01-18T14:30:25.025Z] > authorizing via signed-in user (seanmaverick31@gmail.com)
[info] 
     ######## #### ########  ######## ########     ###     ######  ########
     ##        ##  ##     ## ##       ##     ##  ##   ##  ##       ##
     ######    ##  ########  ######   ########  #########  ######  ######
     ##        ##  ##    ##  ##       ##     ## ##     ##       ## ##
     ##       #### ##     ## ######## ########  ##     ##  ######  ########

You're about to initialize a Firebase project in this directory:

  /home/maverick

Before we get started, keep in mind:

  * You are initializing within an existing Firebase project directory

